<?xml version="1.0" encoding="UTF-8"?>
<!-- Generated by org.testng.reporters.JUnitXMLReporter -->
<testsuite ignored="0" hostname="LAPTOP-G76E8532" failures="1" tests="2" name="Test" time="7.414" errors="0" timestamp="2024-12-22T18:38:34 IST">
  <testcase classname="testCases.TC001_AccountRegistrationTest" name="verify_account_registration" time="1.789">
    <failure type="java.lang.AssertionError" message="Confirmation message mismatch expected [Your Account Has Been Created!YY] but found [Your Account Has Been Created!]">
      <![CDATA[java.lang.AssertionError: Confirmation message mismatch expected [Your Account Has Been Created!YY] but found [Your Account Has Been Created!]
at testCases.TC001_AccountRegistrationTest.verify_account_registration(TC001_AccountRegistrationTest.java:55)
at java.base/java.util.ArrayList.forEach(ArrayList.java:1596)
... Removed 30 stack frames]]>
    </failure>
  </testcase> <!-- verify_account_registration -->
  <testcase classname="testCases.TC002_LoginTest" name="verify_login" time="1.07"/>
</testsuite> <!-- Test -->
